<?xml version="1.0" encoding="UTF-8"?>
<testsuite xmlns:xsi="http://www.w3.org/2001/XMLSchema-instance" xsi:noNamespaceSchemaLocation="https://maven.apache.org/surefire/maven-surefire-plugin/xsd/surefire-test-report.xsd" name="app.userDataTest" time="0.079" tests="9" errors="0" skipped="0" failures="0">
  <properties>
[...]
</properties>
  <testcase name="testNameTooLong" classname="app.userDataTest" time="0.028"/>
  <testcase name="testFailReturnName" classname="app.userDataTest" time="0.029"/>
  <testcase name="testEmailTooLong" classname="app.userDataTest" time="0.001"/>
  <testcase name="testReturnName" classname="app.userDataTest" time="0.003"/>
  <testcase name="testEmailEmptyString" classname="app.userDataTest" time="0.001"/>
  <testcase name="testNameEmptyString" classname="app.userDataTest" time="0.001"/>
  <testcase name="testSuccessfulUserDataTracked" classname="app.userDataTest" time="0.003"/>
  <testcase name="testFailReturnEmail" classname="app.userDataTest" time="0.001"/>
  <testcase name="testReturnEmail" classname="app.userDataTest" time="0.001"/>
</testsuite>